2017-11-11 14:21:00 INFO  SpringLuceneSearchApplication:48 - Starting SpringLuceneSearchApplication v0.0.1-SNAPSHOT on L-185008316 with PID 12856 (F:\POC\source code\spring-lucene\target\spring-lucene-search-0.0.1-SNAPSHOT.jar started by AR313567 in F:\POC\source code\spring-lucene\target)
2017-11-11 14:21:00 INFO  SpringLuceneSearchApplication:637 - No active profile set, falling back to default profiles: default
2017-11-11 14:21:03 INFO  AnnotationConfigEmbeddedWebApplicationContext:582 - Refreshing org.springframework.boot.context.embedded.AnnotationConfigEmbeddedWebApplicationContext@7aec35a: startup date [Sat Nov 11 14:21:03 IST 2017]; root of context hierarchy
2017-11-11 14:21:13 INFO  Version:30 - HV000001: Hibernate Validator 5.3.4.Final
2017-11-11 14:21:47 INFO  DefaultListableBeanFactory:828 - Overriding bean definition for bean 'httpRequestHandlerAdapter' with a different definition: replacing [Root bean: class [null]; scope=; abstract=false; lazyInit=false; autowireMode=3; dependencyCheck=0; autowireCandidate=true; primary=false; factoryBeanName=org.springframework.boot.autoconfigure.web.WebMvcAutoConfiguration$EnableWebMvcConfiguration; factoryMethodName=httpRequestHandlerAdapter; initMethodName=null; destroyMethodName=(inferred); defined in class path resource [org/springframework/boot/autoconfigure/web/WebMvcAutoConfiguration$EnableWebMvcConfiguration.class]] with [Root bean: class [null]; scope=; abstract=false; lazyInit=false; autowireMode=3; dependencyCheck=0; autowireCandidate=true; primary=false; factoryBeanName=org.springframework.data.rest.webmvc.config.RepositoryRestMvcConfiguration; factoryMethodName=httpRequestHandlerAdapter; initMethodName=null; destroyMethodName=(inferred); defined in class path resource [org/springframework/data/rest/webmvc/config/RepositoryRestMvcConfiguration.class]]
2017-11-11 14:22:11 INFO  TomcatEmbeddedServletContainer:89 - Tomcat initialized with port(s): 8080 (http)
2017-11-11 14:22:13 INFO  ContextLoader:276 - Root WebApplicationContext: initialization completed in 70361 ms
2017-11-11 14:22:15 INFO  ServletRegistrationBean:190 - Mapping servlet: 'dispatcherServlet' to [/]
2017-11-11 14:22:16 INFO  FilterRegistrationBean:258 - Mapping filter: 'characterEncodingFilter' to: [/*]
2017-11-11 14:22:16 INFO  FilterRegistrationBean:258 - Mapping filter: 'hiddenHttpMethodFilter' to: [/*]
2017-11-11 14:22:16 INFO  FilterRegistrationBean:258 - Mapping filter: 'httpPutFormContentFilter' to: [/*]
2017-11-11 14:22:16 INFO  FilterRegistrationBean:258 - Mapping filter: 'requestContextFilter' to: [/*]
2017-11-11 14:22:24 INFO  RequestMappingHandlerAdapter:534 - Looking for @ControllerAdvice: org.springframework.boot.context.embedded.AnnotationConfigEmbeddedWebApplicationContext@7aec35a: startup date [Sat Nov 11 14:21:03 IST 2017]; root of context hierarchy
2017-11-11 14:22:27 INFO  RequestMappingHandlerMapping:543 - Mapped "{[/rest/search/value],methods=[POST]}" onto public org.springframework.http.ResponseEntity<?> com.lucene.search.resource.LuceneSearchController.searchName(java.lang.String)
2017-11-11 14:22:27 INFO  RequestMappingHandlerMapping:543 - Mapped "{[/error]}" onto public org.springframework.http.ResponseEntity<java.util.Map<java.lang.String, java.lang.Object>> org.springframework.boot.autoconfigure.web.BasicErrorController.error(javax.servlet.http.HttpServletRequest)
2017-11-11 14:22:27 INFO  RequestMappingHandlerMapping:543 - Mapped "{[/error],produces=[text/html]}" onto public org.springframework.web.servlet.ModelAndView org.springframework.boot.autoconfigure.web.BasicErrorController.errorHtml(javax.servlet.http.HttpServletRequest,javax.servlet.http.HttpServletResponse)
2017-11-11 14:22:27 INFO  SimpleUrlHandlerMapping:362 - Mapped URL path [/webjars/**] onto handler of type [class org.springframework.web.servlet.resource.ResourceHttpRequestHandler]
2017-11-11 14:22:27 INFO  SimpleUrlHandlerMapping:362 - Mapped URL path [/**] onto handler of type [class org.springframework.web.servlet.resource.ResourceHttpRequestHandler]
2017-11-11 14:22:27 INFO  ExceptionHandlerExceptionResolver:273 - Detected @ExceptionHandler methods in repositoryRestExceptionHandler
2017-11-11 14:22:27 INFO  SimpleUrlHandlerMapping:362 - Mapped URL path [/**/favicon.ico] onto handler of type [class org.springframework.web.servlet.resource.ResourceHttpRequestHandler]
2017-11-11 14:22:29 INFO  RepositoryRestHandlerAdapter:534 - Looking for @ControllerAdvice: org.springframework.boot.context.embedded.AnnotationConfigEmbeddedWebApplicationContext@7aec35a: startup date [Sat Nov 11 14:21:03 IST 2017]; root of context hierarchy
2017-11-11 14:22:29 INFO  RepositoryRestHandlerMapping:543 - Mapped "{[/{repository}/{id}/{property}],methods=[DELETE],produces=[application/hal+json || application/json]}" onto public org.springframework.http.ResponseEntity<? extends org.springframework.hateoas.ResourceSupport> org.springframework.data.rest.webmvc.RepositoryPropertyReferenceController.deletePropertyReference(org.springframework.data.rest.webmvc.RootResourceInformation,java.io.Serializable,java.lang.String) throws java.lang.Exception
2017-11-11 14:22:29 INFO  RepositoryRestHandlerMapping:543 - Mapped "{[/{repository}/{id}/{property}],methods=[GET],produces=[application/x-spring-data-compact+json || text/uri-list]}" onto public org.springframework.http.ResponseEntity<org.springframework.hateoas.ResourceSupport> org.springframework.data.rest.webmvc.RepositoryPropertyReferenceController.followPropertyReferenceCompact(org.springframework.data.rest.webmvc.RootResourceInformation,java.io.Serializable,java.lang.String,org.springframework.data.rest.webmvc.PersistentEntityResourceAssembler) throws java.lang.Exception
2017-11-11 14:22:29 INFO  RepositoryRestHandlerMapping:543 - Mapped "{[/{repository}/{id}/{property}/{propertyId}],methods=[DELETE],produces=[application/hal+json || application/json]}" onto public org.springframework.http.ResponseEntity<org.springframework.hateoas.ResourceSupport> org.springframework.data.rest.webmvc.RepositoryPropertyReferenceController.deletePropertyReferenceId(org.springframework.data.rest.webmvc.RootResourceInformation,java.io.Serializable,java.lang.String,java.lang.String) throws java.lang.Exception
2017-11-11 14:22:29 INFO  RepositoryRestHandlerMapping:543 - Mapped "{[/{repository}/{id}/{property}],methods=[GET],produces=[application/hal+json || application/json]}" onto public org.springframework.http.ResponseEntity<org.springframework.hateoas.ResourceSupport> org.springframework.data.rest.webmvc.RepositoryPropertyReferenceController.followPropertyReference(org.springframework.data.rest.webmvc.RootResourceInformation,java.io.Serializable,java.lang.String,org.springframework.data.rest.webmvc.PersistentEntityResourceAssembler) throws java.lang.Exception
2017-11-11 14:22:29 INFO  RepositoryRestHandlerMapping:543 - Mapped "{[/{repository}/{id}/{property}/{propertyId}],methods=[GET],produces=[application/hal+json || application/json]}" onto public org.springframework.http.ResponseEntity<org.springframework.hateoas.ResourceSupport> org.springframework.data.rest.webmvc.RepositoryPropertyReferenceController.followPropertyReference(org.springframework.data.rest.webmvc.RootResourceInformation,java.io.Serializable,java.lang.String,java.lang.String,org.springframework.data.rest.webmvc.PersistentEntityResourceAssembler) throws java.lang.Exception
2017-11-11 14:22:29 INFO  RepositoryRestHandlerMapping:543 - Mapped "{[/{repository}/{id}/{property}],methods=[PATCH || PUT || POST],consumes=[application/json || application/x-spring-data-compact+json || text/uri-list],produces=[application/hal+json || application/json]}" onto public org.springframework.http.ResponseEntity<? extends org.springframework.hateoas.ResourceSupport> org.springframework.data.rest.webmvc.RepositoryPropertyReferenceController.createPropertyReference(org.springframework.data.rest.webmvc.RootResourceInformation,org.springframework.http.HttpMethod,org.springframework.hateoas.Resources<java.lang.Object>,java.io.Serializable,java.lang.String) throws java.lang.Exception
2017-11-11 14:22:29 INFO  RepositoryRestHandlerMapping:543 - Mapped "{[/{repository}/search/{search}],methods=[GET],produces=[application/x-spring-data-compact+json]}" onto public org.springframework.hateoas.ResourceSupport org.springframework.data.rest.webmvc.RepositorySearchController.executeSearchCompact(org.springframework.data.rest.webmvc.RootResourceInformation,org.springframework.http.HttpHeaders,org.springframework.util.MultiValueMap<java.lang.String, java.lang.Object>,java.lang.String,java.lang.String,org.springframework.data.rest.webmvc.support.DefaultedPageable,org.springframework.data.domain.Sort,org.springframework.data.rest.webmvc.PersistentEntityResourceAssembler)
2017-11-11 14:22:29 INFO  RepositoryRestHandlerMapping:543 - Mapped "{[/{repository}/search],methods=[OPTIONS],produces=[application/hal+json || application/json]}" onto public org.springframework.http.HttpEntity<?> org.springframework.data.rest.webmvc.RepositorySearchController.optionsForSearches(org.springframework.data.rest.webmvc.RootResourceInformation)
2017-11-11 14:22:29 INFO  RepositoryRestHandlerMapping:543 - Mapped "{[/{repository}/search/{search}],methods=[HEAD],produces=[application/hal+json || application/json]}" onto public org.springframework.http.ResponseEntity<java.lang.Object> org.springframework.data.rest.webmvc.RepositorySearchController.headForSearch(org.springframework.data.rest.webmvc.RootResourceInformation,java.lang.String)
2017-11-11 14:22:29 INFO  RepositoryRestHandlerMapping:543 - Mapped "{[/{repository}/search],methods=[HEAD],produces=[application/hal+json || application/json]}" onto public org.springframework.http.HttpEntity<?> org.springframework.data.rest.webmvc.RepositorySearchController.headForSearches(org.springframework.data.rest.webmvc.RootResourceInformation)
2017-11-11 14:22:29 INFO  RepositoryRestHandlerMapping:543 - Mapped "{[/{repository}/search/{search}],methods=[GET],produces=[application/hal+json || application/json]}" onto public org.springframework.http.ResponseEntity<?> org.springframework.data.rest.webmvc.RepositorySearchController.executeSearch(org.springframework.data.rest.webmvc.RootResourceInformation,org.springframework.util.MultiValueMap<java.lang.String, java.lang.Object>,java.lang.String,org.springframework.data.rest.webmvc.support.DefaultedPageable,org.springframework.data.domain.Sort,org.springframework.data.rest.webmvc.PersistentEntityResourceAssembler,org.springframework.http.HttpHeaders)
2017-11-11 14:22:29 INFO  RepositoryRestHandlerMapping:543 - Mapped "{[/{repository}/search],methods=[GET],produces=[application/hal+json || application/json]}" onto public org.springframework.data.rest.webmvc.RepositorySearchesResource org.springframework.data.rest.webmvc.RepositorySearchController.listSearches(org.springframework.data.rest.webmvc.RootResourceInformation)
2017-11-11 14:22:29 INFO  RepositoryRestHandlerMapping:543 - Mapped "{[/{repository}/search/{search}],methods=[OPTIONS],produces=[application/hal+json || application/json]}" onto public org.springframework.http.ResponseEntity<java.lang.Object> org.springframework.data.rest.webmvc.RepositorySearchController.optionsForSearch(org.springframework.data.rest.webmvc.RootResourceInformation,java.lang.String)
2017-11-11 14:22:29 INFO  RepositoryRestHandlerMapping:543 - Mapped "{[/ || ],methods=[OPTIONS],produces=[application/hal+json || application/json]}" onto public org.springframework.http.HttpEntity<?> org.springframework.data.rest.webmvc.RepositoryController.optionsForRepositories()
2017-11-11 14:22:29 INFO  RepositoryRestHandlerMapping:543 - Mapped "{[/ || ],methods=[HEAD],produces=[application/hal+json || application/json]}" onto public org.springframework.http.ResponseEntity<?> org.springframework.data.rest.webmvc.RepositoryController.headForRepositories()
2017-11-11 14:22:29 INFO  RepositoryRestHandlerMapping:543 - Mapped "{[/ || ],methods=[GET],produces=[application/hal+json || application/json]}" onto public org.springframework.http.HttpEntity<org.springframework.data.rest.webmvc.RepositoryLinksResource> org.springframework.data.rest.webmvc.RepositoryController.listRepositories()
2017-11-11 14:22:29 INFO  RepositoryRestHandlerMapping:543 - Mapped "{[/{repository}],methods=[GET],produces=[application/x-spring-data-compact+json || text/uri-list]}" onto public org.springframework.hateoas.Resources<?> org.springframework.data.rest.webmvc.RepositoryEntityController.getCollectionResourceCompact(org.springframework.data.rest.webmvc.RootResourceInformation,org.springframework.data.rest.webmvc.support.DefaultedPageable,org.springframework.data.domain.Sort,org.springframework.data.rest.webmvc.PersistentEntityResourceAssembler) throws org.springframework.data.rest.webmvc.ResourceNotFoundException,org.springframework.web.HttpRequestMethodNotSupportedException
2017-11-11 14:22:29 INFO  RepositoryRestHandlerMapping:543 - Mapped "{[/{repository}],methods=[HEAD],produces=[application/hal+json || application/json]}" onto public org.springframework.http.ResponseEntity<?> org.springframework.data.rest.webmvc.RepositoryEntityController.headCollectionResource(org.springframework.data.rest.webmvc.RootResourceInformation,org.springframework.data.rest.webmvc.support.DefaultedPageable) throws org.springframework.web.HttpRequestMethodNotSupportedException
2017-11-11 14:22:29 INFO  RepositoryRestHandlerMapping:543 - Mapped "{[/{repository}],methods=[POST],produces=[application/hal+json || application/json]}" onto public org.springframework.http.ResponseEntity<org.springframework.hateoas.ResourceSupport> org.springframework.data.rest.webmvc.RepositoryEntityController.postCollectionResource(org.springframework.data.rest.webmvc.RootResourceInformation,org.springframework.data.rest.webmvc.PersistentEntityResource,org.springframework.data.rest.webmvc.PersistentEntityResourceAssembler,java.lang.String) throws org.springframework.web.HttpRequestMethodNotSupportedException
2017-11-11 14:22:29 INFO  RepositoryRestHandlerMapping:543 - Mapped "{[/{repository}],methods=[GET],produces=[application/hal+json || application/json]}" onto public org.springframework.hateoas.Resources<?> org.springframework.data.rest.webmvc.RepositoryEntityController.getCollectionResource(org.springframework.data.rest.webmvc.RootResourceInformation,org.springframework.data.rest.webmvc.support.DefaultedPageable,org.springframework.data.domain.Sort,org.springframework.data.rest.webmvc.PersistentEntityResourceAssembler) throws org.springframework.data.rest.webmvc.ResourceNotFoundException,org.springframework.web.HttpRequestMethodNotSupportedException
2017-11-11 14:22:29 INFO  RepositoryRestHandlerMapping:543 - Mapped "{[/{repository}/{id}],methods=[PATCH],produces=[application/hal+json || application/json]}" onto public org.springframework.http.ResponseEntity<org.springframework.hateoas.ResourceSupport> org.springframework.data.rest.webmvc.RepositoryEntityController.patchItemResource(org.springframework.data.rest.webmvc.RootResourceInformation,org.springframework.data.rest.webmvc.PersistentEntityResource,java.io.Serializable,org.springframework.data.rest.webmvc.PersistentEntityResourceAssembler,org.springframework.data.rest.webmvc.support.ETag,java.lang.String) throws org.springframework.web.HttpRequestMethodNotSupportedException,org.springframework.data.rest.webmvc.ResourceNotFoundException
2017-11-11 14:22:29 INFO  RepositoryRestHandlerMapping:543 - Mapped "{[/{repository}],methods=[OPTIONS],produces=[application/hal+json || application/json]}" onto public org.springframework.http.ResponseEntity<?> org.springframework.data.rest.webmvc.RepositoryEntityController.optionsForCollectionResource(org.springframework.data.rest.webmvc.RootResourceInformation)
2017-11-11 14:22:29 INFO  RepositoryRestHandlerMapping:543 - Mapped "{[/{repository}/{id}],methods=[HEAD],produces=[application/hal+json || application/json]}" onto public org.springframework.http.ResponseEntity<?> org.springframework.data.rest.webmvc.RepositoryEntityController.headForItemResource(org.springframework.data.rest.webmvc.RootResourceInformation,java.io.Serializable,org.springframework.data.rest.webmvc.PersistentEntityResourceAssembler) throws org.springframework.web.HttpRequestMethodNotSupportedException
2017-11-11 14:22:29 INFO  RepositoryRestHandlerMapping:543 - Mapped "{[/{repository}/{id}],methods=[DELETE],produces=[application/hal+json || application/json]}" onto public org.springframework.http.ResponseEntity<?> org.springframework.data.rest.webmvc.RepositoryEntityController.deleteItemResource(org.springframework.data.rest.webmvc.RootResourceInformation,java.io.Serializable,org.springframework.data.rest.webmvc.support.ETag) throws org.springframework.data.rest.webmvc.ResourceNotFoundException,org.springframework.web.HttpRequestMethodNotSupportedException
2017-11-11 14:22:29 INFO  RepositoryRestHandlerMapping:543 - Mapped "{[/{repository}/{id}],methods=[OPTIONS],produces=[application/hal+json || application/json]}" onto public org.springframework.http.ResponseEntity<?> org.springframework.data.rest.webmvc.RepositoryEntityController.optionsForItemResource(org.springframework.data.rest.webmvc.RootResourceInformation)
2017-11-11 14:22:29 INFO  RepositoryRestHandlerMapping:543 - Mapped "{[/{repository}/{id}],methods=[PUT],produces=[application/hal+json || application/json]}" onto public org.springframework.http.ResponseEntity<? extends org.springframework.hateoas.ResourceSupport> org.springframework.data.rest.webmvc.RepositoryEntityController.putItemResource(org.springframework.data.rest.webmvc.RootResourceInformation,org.springframework.data.rest.webmvc.PersistentEntityResource,java.io.Serializable,org.springframework.data.rest.webmvc.PersistentEntityResourceAssembler,org.springframework.data.rest.webmvc.support.ETag,java.lang.String) throws org.springframework.web.HttpRequestMethodNotSupportedException
2017-11-11 14:22:29 INFO  RepositoryRestHandlerMapping:543 - Mapped "{[/{repository}/{id}],methods=[GET],produces=[application/hal+json || application/json]}" onto public org.springframework.http.ResponseEntity<org.springframework.hateoas.Resource<?>> org.springframework.data.rest.webmvc.RepositoryEntityController.getItemResource(org.springframework.data.rest.webmvc.RootResourceInformation,java.io.Serializable,org.springframework.data.rest.webmvc.PersistentEntityResourceAssembler,org.springframework.http.HttpHeaders) throws org.springframework.web.HttpRequestMethodNotSupportedException
2017-11-11 14:22:29 INFO  BasePathAwareHandlerMapping:543 - Mapped "{[/profile],methods=[GET]}" onto org.springframework.http.HttpEntity<org.springframework.hateoas.ResourceSupport> org.springframework.data.rest.webmvc.ProfileController.listAllFormsOfMetadata()
2017-11-11 14:22:29 INFO  BasePathAwareHandlerMapping:543 - Mapped "{[/profile],methods=[OPTIONS]}" onto public org.springframework.http.HttpEntity<?> org.springframework.data.rest.webmvc.ProfileController.profileOptions()
2017-11-11 14:22:29 INFO  BasePathAwareHandlerMapping:543 - Mapped "{[/profile/{repository}],methods=[GET],produces=[application/schema+json]}" onto public org.springframework.http.HttpEntity<org.springframework.data.rest.webmvc.json.JsonSchema> org.springframework.data.rest.webmvc.RepositorySchemaController.schema(org.springframework.data.rest.webmvc.RootResourceInformation)
2017-11-11 14:22:29 INFO  BasePathAwareHandlerMapping:543 - Mapped "{[/profile/{repository}],methods=[GET],produces=[application/alps+json || */*]}" onto org.springframework.http.HttpEntity<org.springframework.data.rest.webmvc.RootResourceInformation> org.springframework.data.rest.webmvc.alps.AlpsController.descriptor(org.springframework.data.rest.webmvc.RootResourceInformation)
2017-11-11 14:22:29 INFO  BasePathAwareHandlerMapping:543 - Mapped "{[/profile/{repository}],methods=[OPTIONS],produces=[application/alps+json]}" onto org.springframework.http.HttpEntity<?> org.springframework.data.rest.webmvc.alps.AlpsController.alpsOptions()
2017-11-11 14:22:30 INFO  AnnotationMBeanExporter:431 - Registering beans for JMX exposure on startup
2017-11-11 14:22:31 INFO  TomcatEmbeddedServletContainer:198 - Tomcat started on port(s): 8080 (http)
2017-11-11 14:22:31 INFO  SpringLuceneSearchApplication:57 - Started SpringLuceneSearchApplication in 108.215 seconds (JVM running for 125.823)
2017-11-11 14:22:48 INFO  DispatcherServlet:489 - FrameworkServlet 'dispatcherServlet': initialization started
2017-11-11 14:22:48 INFO  DispatcherServlet:508 - FrameworkServlet 'dispatcherServlet': initialization completed in 757 ms
2017-11-11 14:22:52 INFO  LuceneSearch:36 - inside Lucene search
2017-11-11 14:22:52 INFO  LuceneSearch:41 - Getting root index folder
2017-11-11 14:22:53 INFO  LuceneSearch:50 - creating Phrase Query
2017-11-11 14:22:57 INFO  LuceneSearch:53 - creating inder object
2017-11-11 14:22:58 INFO  LuceneSearch:55 - creating inder searcher object
2017-11-11 14:22:59 INFO  LuceneSearch:59 - Number of hit2
2017-11-11 14:23:00 INFO  LuceneSearch:67 - name of the files F:\search\New Microsoft Word Document (8).docx

2017-11-11 14:23:00 INFO  LuceneSearch:67 - name of the files F:\search\New Microsoft Word Document (8).docx
F:\search\sample-html.html

2017-11-11 14:23:58 INFO  LuceneSearch:36 - inside Lucene search
2017-11-11 14:23:58 INFO  LuceneSearch:41 - Getting root index folder
2017-11-11 14:23:58 INFO  LuceneSearch:50 - creating Phrase Query
2017-11-11 14:23:58 INFO  LuceneSearch:53 - creating inder object
2017-11-11 14:23:58 INFO  LuceneSearch:55 - creating inder searcher object
2017-11-11 14:23:58 INFO  LuceneSearch:59 - Number of hit1
2017-11-11 14:23:58 INFO  LuceneSearch:67 - name of the files F:\search\Newfolder\Webviewer_pahse5_1_SetupDocument.docx

2017-11-11 14:25:31 INFO  LuceneSearch:36 - inside Lucene search
2017-11-11 14:25:31 INFO  LuceneSearch:41 - Getting root index folder
2017-11-11 14:25:31 INFO  LuceneSearch:50 - creating Phrase Query
2017-11-11 14:25:31 INFO  LuceneSearch:53 - creating inder object
2017-11-11 14:25:31 INFO  LuceneSearch:55 - creating inder searcher object
2017-11-11 14:25:31 INFO  LuceneSearch:59 - Number of hit2
2017-11-11 14:25:31 INFO  LuceneSearch:67 - name of the files F:\search\New Microsoft Word Document (6).docx

2017-11-11 14:25:31 INFO  LuceneSearch:67 - name of the files F:\search\New Microsoft Word Document (6).docx
F:\search\Newfolder\Webviewer_pahse5_1_SetupDocument.docx

2017-11-11 14:27:14 INFO  LuceneSearch:36 - inside Lucene search
2017-11-11 14:27:14 INFO  LuceneSearch:41 - Getting root index folder
2017-11-11 14:27:14 INFO  LuceneSearch:50 - creating Phrase Query
2017-11-11 14:27:14 INFO  LuceneSearch:53 - creating inder object
2017-11-11 14:27:14 INFO  LuceneSearch:55 - creating inder searcher object
2017-11-11 14:27:14 INFO  LuceneSearch:59 - Number of hit3
2017-11-11 14:27:15 INFO  LuceneSearch:67 - name of the files F:\search\New Microsoft Word Document (6).docx

2017-11-11 14:27:15 INFO  LuceneSearch:67 - name of the files F:\search\New Microsoft Word Document (6).docx
F:\search\New folder\sample-workbook.xlsx

2017-11-11 14:27:15 INFO  LuceneSearch:67 - name of the files F:\search\New Microsoft Word Document (6).docx
F:\search\New folder\sample-workbook.xlsx
F:\search\Newfolder\Webviewer_pahse5_1_SetupDocument.docx

2017-11-11 14:27:22 INFO  LuceneSearch:36 - inside Lucene search
2017-11-11 14:27:22 INFO  LuceneSearch:41 - Getting root index folder
2017-11-11 14:27:22 INFO  LuceneSearch:50 - creating Phrase Query
2017-11-11 14:27:22 INFO  LuceneSearch:53 - creating inder object
2017-11-11 14:27:22 INFO  LuceneSearch:55 - creating inder searcher object
2017-11-11 14:27:22 INFO  LuceneSearch:59 - Number of hit2
2017-11-11 14:27:22 INFO  LuceneSearch:67 - name of the files F:\search\New Microsoft Word Document (6).docx

2017-11-11 14:27:22 INFO  LuceneSearch:67 - name of the files F:\search\New Microsoft Word Document (6).docx
F:\search\New folder\sample-workbook.xlsx

2017-11-11 14:27:32 INFO  LuceneSearch:36 - inside Lucene search
2017-11-11 14:27:32 INFO  LuceneSearch:41 - Getting root index folder
2017-11-11 14:27:32 INFO  LuceneSearch:50 - creating Phrase Query
2017-11-11 14:27:32 INFO  LuceneSearch:53 - creating inder object
2017-11-11 14:27:32 INFO  LuceneSearch:55 - creating inder searcher object
2017-11-11 14:27:32 INFO  LuceneSearch:59 - Number of hit0
2017-11-11 14:27:32 ERROR LuceneSearch:61 - ERROR code 100: No file found for the string searched
2017-11-11 14:28:08 INFO  AnnotationConfigEmbeddedWebApplicationContext:987 - Closing org.springframework.boot.context.embedded.AnnotationConfigEmbeddedWebApplicationContext@7aec35a: startup date [Sat Nov 11 14:21:03 IST 2017]; root of context hierarchy
2017-11-11 14:28:08 INFO  AnnotationMBeanExporter:449 - Unregistering JMX-exposed beans on shutdown
